0 info it worked if it ends with ok
1 verbose cli [ '/usr/bin/nodejs',
1 verbose cli   '/home/sebastian/.node_modules_global/bin/npm',
1 verbose cli   'run',
1 verbose cli   'dev' ]
2 info using npm@4.1.1
3 info using node@v6.10.1
4 verbose config Skipping project config: /home/sebastian/.npmrc. (matches userconfig)
5 verbose stack Error: ENOENT: no such file or directory, open '/home/sebastian/package.json'
5 verbose stack     at Error (native)
6 verbose cwd /home/sebastian/Documents/SoftwareProject/project
7 error Linux 4.4.0-66-generic
8 error argv "/usr/bin/nodejs" "/home/sebastian/.node_modules_global/bin/npm" "run" "dev"
9 error node v6.10.1
10 error npm  v4.1.1
11 error path /home/sebastian/package.json
12 error code ENOENT
13 error errno -2
14 error syscall open
15 error enoent ENOENT: no such file or directory, open '/home/sebastian/package.json'
16 error enoent ENOENT: no such file or directory, open '/home/sebastian/package.json'
16 error enoent This is most likely not a problem with npm itself
16 error enoent and is related to npm not being able to find a file.
17 verbose exit [ -2, true ]
